2023-06-02 08:27:37.657 +02:00 [DBG] Registered model binder providers, in the following order: ["Microsoft.AspNetCore.Mvc.ModelBinding.Binders.BinderTypeModelBinderProvider","Microsoft.AspNetCore.Mvc.ModelBinding.Binders.ServicesModelBinderProvider","Microsoft.AspNetCore.Mvc.ModelBinding.Binders.BodyModelBinderProvider","Microsoft.AspNetCore.Mvc.ModelBinding.Binders.HeaderModelBinderProvider","Microsoft.AspNetCore.Mvc.ModelBinding.Binders.FloatingPointTypeModelBinderProvider","Microsoft.AspNetCore.Mvc.ModelBinding.Binders.EnumTypeModelBinderProvider","Microsoft.AspNetCore.Mvc.ModelBinding.Binders.DateTimeModelBinderProvider","Microsoft.AspNetCore.Mvc.ModelBinding.Binders.SimpleTypeModelBinderProvider","Microsoft.AspNetCore.Mvc.ModelBinding.Binders.CancellationTokenModelBinderProvider","Microsoft.AspNetCore.Mvc.ModelBinding.Binders.ByteArrayModelBinderProvider","Microsoft.AspNetCore.Mvc.ModelBinding.Binders.FormFileModelBinderProvider","Microsoft.AspNetCore.Mvc.ModelBinding.Binders.FormCollectionModelBinderProvider","Microsoft.AspNetCore.Mvc.ModelBinding.Binders.KeyValuePairModelBinderProvider","Microsoft.AspNetCore.Mvc.ModelBinding.Binders.DictionaryModelBinderProvider","Microsoft.AspNetCore.Mvc.ModelBinding.Binders.ArrayModelBinderProvider","Microsoft.AspNetCore.Mvc.ModelBinding.Binders.CollectionModelBinderProvider","Microsoft.AspNetCore.Mvc.ModelBinding.Binders.ComplexObjectModelBinderProvider"]
2023-06-02 08:27:37.761 +02:00 [DBG] Hosting starting
2023-06-02 08:27:37.770 +02:00 [INF] User profile is available. Using '/Users/kamilpietrak/.aspnet/DataProtection-Keys' as key repository; keys will not be encrypted at rest.
2023-06-02 08:27:37.774 +02:00 [DBG] Reading data from file '/Users/kamilpietrak/.aspnet/DataProtection-Keys/key-23449101-6b84-4fa6-a497-dbdc07f31060.xml'.
2023-06-02 08:27:37.789 +02:00 [DBG] Reading data from file '/Users/kamilpietrak/.aspnet/DataProtection-Keys/key-fc4979f9-e926-4c23-bb59-8a6defd3da5c.xml'.
2023-06-02 08:27:37.798 +02:00 [DBG] Found key {23449101-6b84-4fa6-a497-dbdc07f31060}.
2023-06-02 08:27:37.806 +02:00 [DBG] Found key {fc4979f9-e926-4c23-bb59-8a6defd3da5c}.
2023-06-02 08:27:37.815 +02:00 [DBG] Considering key {fc4979f9-e926-4c23-bb59-8a6defd3da5c} with expiration date 2023-06-23 17:58:23Z as default key.
2023-06-02 08:27:37.816 +02:00 [DBG] Forwarded activator type request from Microsoft.AspNetCore.DataProtection.AuthenticatedEncryption.ConfigurationModel.AuthenticatedEncryptorDescriptorDeserializer, Microsoft.AspNetCore.DataProtection, Version=7.0.0.0, Culture=neutral, PublicKeyToken=adb9793829ddae60 to Microsoft.AspNetCore.DataProtection.AuthenticatedEncryption.ConfigurationModel.AuthenticatedEncryptorDescriptorDeserializer, Microsoft.AspNetCore.DataProtection, Culture=neutral, PublicKeyToken=adb9793829ddae60
2023-06-02 08:27:37.818 +02:00 [DBG] Using managed symmetric algorithm 'System.Security.Cryptography.Aes'.
2023-06-02 08:27:37.818 +02:00 [DBG] Using managed keyed hash algorithm 'System.Security.Cryptography.HMACSHA256'.
2023-06-02 08:27:37.831 +02:00 [DBG] Using key {fc4979f9-e926-4c23-bb59-8a6defd3da5c} as the default key.
2023-06-02 08:27:37.831 +02:00 [DBG] Key ring with default key {fc4979f9-e926-4c23-bb59-8a6defd3da5c} was loaded during application startup.
2023-06-02 08:27:37.973 +02:00 [DBG] Using development certificate: CN=localhost (Thumbprint: C85CF83C79E64337CFE88425A0D4C24C6BC8B0DA)
2023-06-02 08:27:37.992 +02:00 [INF] Now listening on: https://localhost:7201
2023-06-02 08:27:37.992 +02:00 [INF] Now listening on: http://localhost:5234
2023-06-02 08:27:37.992 +02:00 [DBG] Loaded hosting startup assembly ImaginaryRealEstate
2023-06-02 08:27:37.994 +02:00 [INF] Application started. Press Ctrl+C to shut down.
2023-06-02 08:27:37.995 +02:00 [INF] Hosting environment: Development
2023-06-02 08:27:37.995 +02:00 [INF] Content root path: /Users/kamilpietrak/Documents/Dotnet Projects/imaginary-real-estate-dotnet-angular/server/ImaginaryRealEstate/ImaginaryRealEstate/
2023-06-02 08:27:37.995 +02:00 [DBG] Hosting started
2023-06-02 08:27:49.225 +02:00 [INF] Application is shutting down...
2023-06-02 08:27:49.226 +02:00 [DBG] Hosting stopping
2023-06-02 08:27:49.238 +02:00 [DBG] Hosting stopped
